Flow report for skeleton
Wed Apr 23 11:05:08 2014
Quartus II Version 9.1 Build 350 03/24/2010 Service Pack 2 SJ Web Edition


---------------------
; Table of Contents ;
---------------------
  1. Legal Notice
  2. Flow Summary
  3. Flow Settings
  4. Flow Non-Default Global Settings
  5. Flow Elapsed Time
  6. Flow OS Summary
  7. Flow Log



----------------
; Legal Notice ;
----------------
Copyright (C) 1991-2010 Altera Corporation
Your use of Altera Corporation's design tools, logic functions 
and other software and tools, and its AMPP partner logic 
functions, and any output files from any of the foregoing 
(including device programming or simulation files), and any 
associated documentation or information are expressly subject 
to the terms and conditions of the Altera Program License 
Subscription Agreement, Altera MegaCore Function License 
Agreement, or other applicable license agreement, including, 
without limitation, that your use is for the sole purpose of 
programming logic devices manufactured by Altera and sold by 
Altera or its authorized distributors.  Please refer to the 
applicable agreement for further details.



+-----------------------------------------------------------------------------------+
; Flow Summary                                                                      ;
+------------------------------------+----------------------------------------------+
; Flow Status                        ; Successful - Wed Apr 23 11:05:08 2014        ;
; Quartus II Version                 ; 9.1 Build 350 03/24/2010 SP 2 SJ Web Edition ;
; Revision Name                      ; skeleton                                     ;
; Top-level Entity Name              ; testProc                                     ;
; Family                             ; Cyclone II                                   ;
; Device                             ; EP2C35F672C6                                 ;
; Timing Models                      ; Final                                        ;
; Met timing requirements            ; No                                           ;
; Total logic elements               ; 4,260 / 33,216 ( 13 % )                      ;
;     Total combinational functions  ; 4,132 / 33,216 ( 12 % )                      ;
;     Dedicated logic registers      ; 1,567 / 33,216 ( 5 % )                       ;
; Total registers                    ; 1567                                         ;
; Total pins                         ; 64 / 475 ( 13 % )                            ;
; Total virtual pins                 ; 0                                            ;
; Total memory bits                  ; 262,144 / 483,840 ( 54 % )                   ;
; Embedded Multiplier 9-bit elements ; 2 / 70 ( 3 % )                               ;
; Total PLLs                         ; 0 / 4 ( 0 % )                                ;
+------------------------------------+----------------------------------------------+


+-----------------------------------------+
; Flow Settings                           ;
+-------------------+---------------------+
; Option            ; Setting             ;
+-------------------+---------------------+
; Start date & time ; 04/23/2014 10:51:59 ;
; Main task         ; Compilation         ;
; Revision Name     ; skeleton            ;
+-------------------+---------------------+


+-----------------------------------------------------------------------------------------------------------------------------------------------------------------+
; Flow Non-Default Global Settings                                                                                                                                ;
+------------------------------------+-----------------------------------------------------------------------------+---------------+-------------+----------------+
; Assignment Name                    ; Value                                                                       ; Default Value ; Entity Name ; Section Id     ;
+------------------------------------+-----------------------------------------------------------------------------+---------------+-------------+----------------+
; COMPILER_SIGNATURE_ID              ; 110865359222957.139826471916680                                             ; --            ; --          ; --             ;
; IP_TOOL_NAME                       ; ROM: 1-PORT                                                                 ; --            ; --          ; --             ;
; IP_TOOL_NAME                       ; RAM: 1-PORT                                                                 ; --            ; --          ; --             ;
; IP_TOOL_NAME                       ; ALTPLL                                                                      ; --            ; --          ; --             ;
; IP_TOOL_NAME                       ; LPM_DIVIDE                                                                  ; --            ; --          ; --             ;
; IP_TOOL_VERSION                    ; 9.1                                                                         ; --            ; --          ; --             ;
; IP_TOOL_VERSION                    ; 9.1                                                                         ; --            ; --          ; --             ;
; IP_TOOL_VERSION                    ; 9.1                                                                         ; --            ; --          ; --             ;
; IP_TOOL_VERSION                    ; 9.1                                                                         ; --            ; --          ; --             ;
; MAX_CORE_JUNCTION_TEMP             ; 85                                                                          ; --            ; --          ; --             ;
; MIN_CORE_JUNCTION_TEMP             ; 0                                                                           ; --            ; --          ; --             ;
; MISC_FILE                          ; Documents/Duke/Teaching/ECE 350/Quartus9Projects/skeleton/skeleton.dpf      ; --            ; --          ; --             ;
; MISC_FILE                          ; imem_inst.v                                                                 ; --            ; --          ; --             ;
; MISC_FILE                          ; imem.cmp                                                                    ; --            ; --          ; --             ;
; MISC_FILE                          ; dmem_inst.v                                                                 ; --            ; --          ; --             ;
; MISC_FILE                          ; dmem.cmp                                                                    ; --            ; --          ; --             ;
; MISC_FILE                          ; pll.bsf                                                                     ; --            ; --          ; --             ;
; MISC_FILE                          ; pll.cmp                                                                     ; --            ; --          ; --             ;
; MISC_FILE                          ; pll.ppf                                                                     ; --            ; --          ; --             ;
; MISC_FILE                          ; lpm_divide0.bsf                                                             ; --            ; --          ; --             ;
; MISC_FILE                          ; lpm_divide0_bb.v                                                            ; --            ; --          ; --             ;
; MISC_FILE                          ; C:/Users/talal/Desktop/ECE 350/Final project/skeleton_restored/skeleton.dpf ; --            ; --          ; --             ;
; MISC_FILE                          ; C:/Users/talal/Desktop/ECE 350/skeleton_restored/skeleton.dpf               ; --            ; --          ; --             ;
; MISC_FILE                          ; C:/Users/talal/Desktop/skeleton_restored/skeleton.dpf                       ; --            ; --          ; --             ;
; PARTITION_COLOR                    ; 16764057                                                                    ; --            ; testProc    ; Top            ;
; PARTITION_NETLIST_TYPE             ; SOURCE                                                                      ; --            ; testProc    ; Top            ;
; SEARCH_PATH                        ; Documents/Duke/Teaching/ECE 350/Quartus9Projects/skeleton/                  ; --            ; --          ; --             ;
; SMART_RECOMPILE                    ; On                                                                          ; Off           ; --          ; --             ;
; TOP_LEVEL_ENTITY                   ; testProc                                                                    ; skeleton      ; --          ; --             ;
; USE_GENERATED_PHYSICAL_CONSTRAINTS ; Off                                                                         ; --            ; --          ; eda_blast_fpga ;
+------------------------------------+-----------------------------------------------------------------------------+---------------+-------------+----------------+


+-----------------------------------------------------------------------------------------------------------------------------+
; Flow Elapsed Time                                                                                                           ;
+-------------------------+--------------+-------------------------+---------------------+------------------------------------+
; Module Name             ; Elapsed Time ; Average Processors Used ; Peak Virtual Memory ; Total CPU Time (on all processors) ;
+-------------------------+--------------+-------------------------+---------------------+------------------------------------+
; Analysis & Synthesis    ; 00:00:37     ; 1.0                     ; 282 MB              ; 00:00:39                           ;
; Fitter                  ; 00:00:23     ; 1.0                     ; 291 MB              ; 00:00:24                           ;
; Assembler               ; 00:00:03     ; 1.0                     ; 263 MB              ; 00:00:03                           ;
; Classic Timing Analyzer ; 00:00:02     ; 1.0                     ; 202 MB              ; 00:00:03                           ;
; MIF/HEX Update          ; 00:00:01     ; 1.0                     ; 213 MB              ; 00:00:03                           ;
; Assembler               ; 00:00:03     ; 1.0                     ; 264 MB              ; 00:00:03                           ;
; Total                   ; 00:01:09     ; --                      ; --                  ; 00:01:15                           ;
+-------------------------+--------------+-------------------------+---------------------+------------------------------------+


+------------------------------------------------------------------------------------------+
; Flow OS Summary                                                                          ;
+-------------------------+------------------+---------------+------------+----------------+
; Module Name             ; Machine Hostname ; OS Name       ; OS Version ; Processor type ;
+-------------------------+------------------+---------------+------------+----------------+
; Analysis & Synthesis    ; talal-HP         ; Windows Vista ; 6.1        ; x86_64         ;
; Fitter                  ; talal-HP         ; Windows Vista ; 6.1        ; x86_64         ;
; Assembler               ; talal-HP         ; Windows Vista ; 6.1        ; x86_64         ;
; Classic Timing Analyzer ; talal-HP         ; Windows Vista ; 6.1        ; x86_64         ;
; MIF/HEX Update          ; talal-HP         ; Windows Vista ; 6.1        ; x86_64         ;
; Assembler               ; talal-HP         ; Windows Vista ; 6.1        ; x86_64         ;
+-------------------------+------------------+---------------+------------+----------------+


------------
; Flow Log ;
------------
quartus_map --read_settings_files=on --write_settings_files=off skeleton -c skeleton
quartus_fit --read_settings_files=off --write_settings_files=off skeleton -c skeleton
quartus_asm --read_settings_files=off --write_settings_files=off skeleton -c skeleton
quartus_tan --read_settings_files=off --write_settings_files=off skeleton -c skeleton --timing_analysis_only
quartus_cdb skeleton -c skeleton --update_mif
quartus_asm --read_settings_files=on --write_settings_files=off skeleton -c skeleton



